Info: Starting: Create block symbol file (.bsf)
Info: qsys-generate C:\intelFPGA_lite\PWM_avalonSlave\hw\quartus\pwm_system.qsys --block-symbol-file --output-directory=C:\intelFPGA_lite\PWM_avalonSlave\hw\quartus\pwm_system --family="Cyclone V" --part=5CSEMA4U23C6
Progress: Loading quartus/pwm_system.qsys
Progress: Reading input file
Progress: Adding clk_0 [clock_source 18.1]
Progress: Parameterizing module clk_0
Progress: Adding epcs_flash_controller_0 [altera_avalon_epcs_flash_controller 18.1]
Progress: Parameterizing module epcs_flash_controller_0
Progress: Adding jtag_uart_0 [altera_avalon_jtag_uart 18.1]
Progress: Parameterizing module jtag_uart_0
Progress: Adding nios2_gen2_0 [altera_nios2_gen2 18.1]
Progress: Parameterizing module nios2_gen2_0
Progress: Adding onchip_memory2_0 [altera_avalon_onchip_memory2 18.1]
Progress: Parameterizing module onchip_memory2_0
Progress: Adding pwm_0 [pwm 1.0]
Progress: Parameterizing module pwm_0
Progress: Building connections
Progress: Parameterizing connections
Progress: Validating
Progress: Done reading input file
Info: pwm_system.epcs_flash_controller_0: Legacy EPCS/EPCQx1 Flash Controller will only be supported in Quartus Prime Standard Edition in the future release.
Info: pwm_system.jtag_uart_0: JTAG UART IP input clock need to be at least double (2x) the operating frequency of JTAG TCK on board
Info: qsys-generate succeeded.
Info: Finished: Create block symbol file (.bsf)
Info: 
Info: Starting: Create HDL design files for synthesis
Info: qsys-generate C:\intelFPGA_lite\PWM_avalonSlave\hw\quartus\pwm_system.qsys --synthesis=VERILOG --output-directory=C:\intelFPGA_lite\PWM_avalonSlave\hw\quartus\pwm_system\synthesis --family="Cyclone V" --part=5CSEMA4U23C6
Progress: Loading quartus/pwm_system.qsys
Progress: Reading input file
Progress: Adding clk_0 [clock_source 18.1]
Progress: Parameterizing module clk_0
Progress: Adding epcs_flash_controller_0 [altera_avalon_epcs_flash_controller 18.1]
Progress: Parameterizing module epcs_flash_controller_0
Progress: Adding jtag_uart_0 [altera_avalon_jtag_uart 18.1]
Progress: Parameterizing module jtag_uart_0
Progress: Adding nios2_gen2_0 [altera_nios2_gen2 18.1]
Progress: Parameterizing module nios2_gen2_0
Progress: Adding onchip_memory2_0 [altera_avalon_onchip_memory2 18.1]
Progress: Parameterizing module onchip_memory2_0
Progress: Adding pwm_0 [pwm 1.0]
Progress: Parameterizing module pwm_0
Progress: Building connections
Progress: Parameterizing connections
Progress: Validating
Progress: Done reading input file
Info: pwm_system.epcs_flash_controller_0: Legacy EPCS/EPCQx1 Flash Controller will only be supported in Quartus Prime Standard Edition in the future release.
Info: pwm_system.jtag_uart_0: JTAG UART IP input clock need to be at least double (2x) the operating frequency of JTAG TCK on board
Info: pwm_system: Generating pwm_system "pwm_system" for QUARTUS_SYNTH
Info: epcs_flash_controller_0: Starting RTL generation for module 'pwm_system_epcs_flash_controller_0'
Info: epcs_flash_controller_0:   Generation command is [exec C:/intelfpga_lite/18.1/quartus/bin64/perl/bin/perl.exe -I C:/intelfpga_lite/18.1/quartus/bin64/perl/lib -I C:/intelfpga_lite/18.1/quartus/sopc_builder/bin/europa -I C:/intelfpga_lite/18.1/quartus/sopc_builder/bin/perl_lib -I C:/intelfpga_lite/18.1/quartus/sopc_builder/bin -I C:/intelfpga_lite/18.1/quartus/../ip/altera/sopc_builder_ip/common -I C:/intelfpga_lite/18.1/quartus/../ip/altera/sopc_builder_ip/altera_avalon_epcs_flash_controller -- C:/intelfpga_lite/18.1/quartus/../ip/altera/sopc_builder_ip/altera_avalon_epcs_flash_controller/generate_rtl.pl --name=pwm_system_epcs_flash_controller_0 {--dir=C:/Users/Abhi Kamboj/AppData/Local/Temp/alt8217_5419981556125484397.dir/0002_epcs_flash_controller_0_gen/} --quartus_dir=C:/intelfpga_lite/18.1/quartus --verilog {--config=C:/Users/Abhi Kamboj/AppData/Local/Temp/alt8217_5419981556125484397.dir/0002_epcs_flash_controller_0_gen//pwm_system_epcs_flash_controller_0_component_configuration.pl}  --do_build_sim=0  ]
Info: epcs_flash_controller_0: Done RTL generation for module 'pwm_system_epcs_flash_controller_0'
Info: epcs_flash_controller_0: "pwm_system" instantiated altera_avalon_epcs_flash_controller "epcs_flash_controller_0"
Info: jtag_uart_0: Starting RTL generation for module 'pwm_system_jtag_uart_0'
Info: jtag_uart_0:   Generation command is [exec C:/intelfpga_lite/18.1/quartus/bin64/perl/bin/perl.exe -I C:/intelfpga_lite/18.1/quartus/bin64/perl/lib -I C:/intelfpga_lite/18.1/quartus/sopc_builder/bin/europa -I C:/intelfpga_lite/18.1/quartus/sopc_builder/bin/perl_lib -I C:/intelfpga_lite/18.1/quartus/sopc_builder/bin -I C:/intelfpga_lite/18.1/quartus/../ip/altera/sopc_builder_ip/common -I C:/intelfpga_lite/18.1/quartus/../ip/altera/sopc_builder_ip/altera_avalon_jtag_uart -- C:/intelfpga_lite/18.1/quartus/../ip/altera/sopc_builder_ip/altera_avalon_jtag_uart/generate_rtl.pl --name=pwm_system_jtag_uart_0 {--dir=C:/Users/Abhi Kamboj/AppData/Local/Temp/alt8217_5419981556125484397.dir/0003_jtag_uart_0_gen/} --quartus_dir=C:/intelfpga_lite/18.1/quartus --verilog {--config=C:/Users/Abhi Kamboj/AppData/Local/Temp/alt8217_5419981556125484397.dir/0003_jtag_uart_0_gen//pwm_system_jtag_uart_0_component_configuration.pl}  --do_build_sim=0  ]
Info: jtag_uart_0: Done RTL generation for module 'pwm_system_jtag_uart_0'
Info: jtag_uart_0: "pwm_system" instantiated altera_avalon_jtag_uart "jtag_uart_0"
Info: nios2_gen2_0: "pwm_system" instantiated altera_nios2_gen2 "nios2_gen2_0"
Info: onchip_memory2_0: Starting RTL generation for module 'pwm_system_onchip_memory2_0'
Info: onchip_memory2_0:   Generation command is [exec C:/intelfpga_lite/18.1/quartus/bin64/perl/bin/perl.exe -I C:/intelfpga_lite/18.1/quartus/bin64/perl/lib -I C:/intelfpga_lite/18.1/quartus/sopc_builder/bin/europa -I C:/intelfpga_lite/18.1/quartus/sopc_builder/bin/perl_lib -I C:/intelfpga_lite/18.1/quartus/sopc_builder/bin -I C:/intelfpga_lite/18.1/quartus/../ip/altera/sopc_builder_ip/common -I C:/intelfpga_lite/18.1/quartus/../ip/altera/sopc_builder_ip/altera_avalon_onchip_memory2 -- C:/intelfpga_lite/18.1/quartus/../ip/altera/sopc_builder_ip/altera_avalon_onchip_memory2/generate_rtl.pl --name=pwm_system_onchip_memory2_0 {--dir=C:/Users/Abhi Kamboj/AppData/Local/Temp/alt8217_5419981556125484397.dir/0004_onchip_memory2_0_gen/} --quartus_dir=C:/intelfpga_lite/18.1/quartus --verilog {--config=C:/Users/Abhi Kamboj/AppData/Local/Temp/alt8217_5419981556125484397.dir/0004_onchip_memory2_0_gen//pwm_system_onchip_memory2_0_component_configuration.pl}  --do_build_sim=0  ]
Info: onchip_memory2_0: Done RTL generation for module 'pwm_system_onchip_memory2_0'
Info: onchip_memory2_0: "pwm_system" instantiated altera_avalon_onchip_memory2 "onchip_memory2_0"
Info: pwm_0: "pwm_system" instantiated pwm "pwm_0"
Info: avalon_st_adapter: Inserting error_adapter: error_adapter_0
Info: avalon_st_adapter_001: Inserting error_adapter: error_adapter_0
Info: avalon_st_adapter_002: Inserting error_adapter: error_adapter_0
Info: avalon_st_adapter_003: Inserting error_adapter: error_adapter_0
Info: avalon_st_adapter_004: Inserting error_adapter: error_adapter_0
Info: mm_interconnect_0: "pwm_system" instantiated altera_mm_interconnect "mm_interconnect_0"
Info: irq_mapper: "pwm_system" instantiated altera_irq_mapper "irq_mapper"
Info: rst_controller: "pwm_system" instantiated altera_reset_controller "rst_controller"
Info: cpu: Starting RTL generation for module 'pwm_system_nios2_gen2_0_cpu'
Info: cpu:   Generation command is [exec C:/intelFPGA_lite/18.1/quartus/bin64//eperlcmd.exe -I C:/intelFPGA_lite/18.1/quartus/bin64//perl/lib -I C:/intelfpga_lite/18.1/quartus/sopc_builder/bin/europa -I C:/intelfpga_lite/18.1/quartus/sopc_builder/bin/perl_lib -I C:/intelfpga_lite/18.1/quartus/sopc_builder/bin -I C:/intelfpga_lite/18.1/quartus/../ip/altera/nios2_ip/altera_nios2_gen2/cpu_lib -I C:/intelfpga_lite/18.1/quartus/../ip/altera/nios2_ip/altera_nios2_gen2/nios_lib -I C:/intelfpga_lite/18.1/quartus/../ip/altera/nios2_ip/altera_nios2_gen2 -I C:/intelfpga_lite/18.1/quartus/../ip/altera/nios2_ip/altera_nios2_gen2 -- C:/intelfpga_lite/18.1/quartus/../ip/altera/nios2_ip/altera_nios2_gen2/generate_rtl.epl --name=pwm_system_nios2_gen2_0_cpu {--dir=C:/Users/Abhi Kamboj/AppData/Local/Temp/alt8217_5419981556125484397.dir/0008_cpu_gen/} --quartus_bindir=C:/intelFPGA_lite/18.1/quartus/bin64/ --verilog {--config=C:/Users/Abhi Kamboj/AppData/Local/Temp/alt8217_5419981556125484397.dir/0008_cpu_gen//pwm_system_nios2_gen2_0_cpu_processor_configuration.pl}  --do_build_sim=0  ]
Info: cpu: # 2019.11.17 12:13:12 (*) Starting Nios II generation
Info: cpu: # 2019.11.17 12:13:12 (*)   Checking for plaintext license.
Info: cpu: # 2019.11.17 12:13:13 (*)   Couldn't query license setup in Quartus directory C:/intelFPGA_lite/18.1/quartus/bin64/
Info: cpu: # 2019.11.17 12:13:13 (*)   Defaulting to contents of LM_LICENSE_FILE environment variable
Info: cpu: # 2019.11.17 12:13:13 (*)   LM_LICENSE_FILE environment variable is empty
Info: cpu: # 2019.11.17 12:13:13 (*)   Plaintext license not found.
Info: cpu: # 2019.11.17 12:13:13 (*)   Checking for encrypted license (non-evaluation).
Info: cpu: # 2019.11.17 12:13:14 (*)   Couldn't query license setup in Quartus directory C:/intelFPGA_lite/18.1/quartus/bin64/
Info: cpu: # 2019.11.17 12:13:14 (*)   Defaulting to contents of LM_LICENSE_FILE environment variable
Info: cpu: # 2019.11.17 12:13:14 (*)   LM_LICENSE_FILE environment variable is empty
Info: cpu: # 2019.11.17 12:13:14 (*)   Encrypted license not found.  Defaulting to OCP evaluation license (produces a time-limited SOF)
Info: cpu: # 2019.11.17 12:13:14 (*)   Elaborating CPU configuration settings
Info: cpu: # 2019.11.17 12:13:14 (*)   Creating all objects for CPU
Info: cpu: # 2019.11.17 12:13:14 (*)     Testbench
Info: cpu: # 2019.11.17 12:13:14 (*)     Instruction decoding
Info: cpu: # 2019.11.17 12:13:14 (*)       Instruction fields
Info: cpu: # 2019.11.17 12:13:14 (*)       Instruction decodes
Info: cpu: # 2019.11.17 12:13:15 (*)       Signals for RTL simulation waveforms
Info: cpu: # 2019.11.17 12:13:15 (*)       Instruction controls
Info: cpu: # 2019.11.17 12:13:15 (*)     Pipeline frontend
Info: cpu: # 2019.11.17 12:13:15 (*)     Pipeline backend
Info: cpu: # 2019.11.17 12:13:18 (*)   Generating RTL from CPU objects
Info: cpu: # 2019.11.17 12:13:21 (*)   Creating encrypted RTL
Info: cpu: # 2019.11.17 12:13:22 (*) Done Nios II generation
Info: cpu: Done RTL generation for module 'pwm_system_nios2_gen2_0_cpu'
Info: cpu: "nios2_gen2_0" instantiated altera_nios2_gen2_unit "cpu"
Info: nios2_gen2_0_data_master_translator: "mm_interconnect_0" instantiated altera_merlin_master_translator "nios2_gen2_0_data_master_translator"
Info: jtag_uart_0_avalon_jtag_slave_translator: "mm_interconnect_0" instantiated altera_merlin_slave_translator "jtag_uart_0_avalon_jtag_slave_translator"
Info: nios2_gen2_0_data_master_agent: "mm_interconnect_0" instantiated altera_merlin_master_agent "nios2_gen2_0_data_master_agent"
Info: jtag_uart_0_avalon_jtag_slave_agent: "mm_interconnect_0" instantiated altera_merlin_slave_agent "jtag_uart_0_avalon_jtag_slave_agent"
Info: jtag_uart_0_avalon_jtag_slave_agent_rsp_fifo: "mm_interconnect_0" instantiated altera_avalon_sc_fifo "jtag_uart_0_avalon_jtag_slave_agent_rsp_fifo"
Info: router: "mm_interconnect_0" instantiated altera_merlin_router "router"
Info: router_001: "mm_interconnect_0" instantiated altera_merlin_router "router_001"
Info: router_002: "mm_interconnect_0" instantiated altera_merlin_router "router_002"
Info: router_004: "mm_interconnect_0" instantiated altera_merlin_router "router_004"
Info: nios2_gen2_0_data_master_limiter: "mm_interconnect_0" instantiated altera_merlin_traffic_limiter "nios2_gen2_0_data_master_limiter"
Info: Reusing file C:/intelFPGA_lite/PWM_avalonSlave/hw/quartus/pwm_system/synthesis/submodules/altera_avalon_sc_fifo.v
Info: cmd_demux: "mm_interconnect_0" instantiated altera_merlin_demultiplexer "cmd_demux"
Info: cmd_demux_001: "mm_interconnect_0" instantiated altera_merlin_demultiplexer "cmd_demux_001"
Info: cmd_mux: "mm_interconnect_0" instantiated altera_merlin_multiplexer "cmd_mux"
Info: cmd_mux_002: "mm_interconnect_0" instantiated altera_merlin_multiplexer "cmd_mux_002"
Info: Reusing file C:/intelFPGA_lite/PWM_avalonSlave/hw/quartus/pwm_system/synthesis/submodules/altera_merlin_arbitrator.sv
Info: rsp_demux: "mm_interconnect_0" instantiated altera_merlin_demultiplexer "rsp_demux"
Info: rsp_demux_002: "mm_interconnect_0" instantiated altera_merlin_demultiplexer "rsp_demux_002"
Info: rsp_mux: "mm_interconnect_0" instantiated altera_merlin_multiplexer "rsp_mux"
Info: Reusing file C:/intelFPGA_lite/PWM_avalonSlave/hw/quartus/pwm_system/synthesis/submodules/altera_merlin_arbitrator.sv
Info: rsp_mux_001: "mm_interconnect_0" instantiated altera_merlin_multiplexer "rsp_mux_001"
Info: Reusing file C:/intelFPGA_lite/PWM_avalonSlave/hw/quartus/pwm_system/synthesis/submodules/altera_merlin_arbitrator.sv
Info: avalon_st_adapter: "mm_interconnect_0" instantiated altera_avalon_st_adapter "avalon_st_adapter"
Info: error_adapter_0: "avalon_st_adapter" instantiated error_adapter "error_adapter_0"
Info: pwm_system: Done "pwm_system" with 30 modules, 51 files
Info: qsys-generate succeeded.
Info: Finished: Create HDL design files for synthesis
