Info: Starting: Create block symbol file (.bsf)
Info: qsys-generate C:\intelFPGA_lite\PWM\hw\quartus\PWM_system.qsys --block-symbol-file --output-directory=C:\intelFPGA_lite\PWM\hw\quartus\PWM_system --family="Cyclone V" --part=5CSEMA4U23C6
Progress: Loading quartus/PWM_system.qsys
Progress: Reading input file
Progress: Adding clk_0 [clock_source 18.1]
Progress: Parameterizing module clk_0
Progress: Adding epcs_flash_controller_0 [altera_avalon_epcs_flash_controller 18.1]
Progress: Parameterizing module epcs_flash_controller_0
Progress: Adding jtag_uart_0 [altera_avalon_jtag_uart 18.1]
Progress: Parameterizing module jtag_uart_0
Progress: Adding nios2_gen2_0 [altera_nios2_gen2 18.1]
Progress: Parameterizing module nios2_gen2_0
Progress: Adding onchip_memory2_0 [altera_avalon_onchip_memory2 18.1]
Progress: Parameterizing module onchip_memory2_0
Progress: Adding pio_0 [altera_avalon_pio 18.1]
Progress: Parameterizing module pio_0
Progress: Adding pio_1 [altera_avalon_pio 18.1]
Progress: Parameterizing module pio_1
Progress: Adding pio_2 [altera_avalon_pio 18.1]
Progress: Parameterizing module pio_2
Progress: Adding pio_3 [altera_avalon_pio 18.1]
Progress: Parameterizing module pio_3
Progress: Building connections
Progress: Parameterizing connections
Progress: Validating
Progress: Done reading input file
Info: PWM_system.epcs_flash_controller_0: Legacy EPCS/EPCQx1 Flash Controller will only be supported in Quartus Prime Standard Edition in the future release.
Info: PWM_system.jtag_uart_0: JTAG UART IP input clock need to be at least double (2x) the operating frequency of JTAG TCK on board
Info: PWM_system.pio_0: PIO inputs are not hardwired in test bench. Undefined values will be read from PIO inputs during simulation.
Info: PWM_system.pio_1: PIO inputs are not hardwired in test bench. Undefined values will be read from PIO inputs during simulation.
Info: PWM_system.pio_2: PIO inputs are not hardwired in test bench. Undefined values will be read from PIO inputs during simulation.
Info: qsys-generate succeeded.
Info: Finished: Create block symbol file (.bsf)
Info: 
Info: Starting: Create HDL design files for synthesis
Info: qsys-generate C:\intelFPGA_lite\PWM\hw\quartus\PWM_system.qsys --synthesis=VHDL --output-directory=C:\intelFPGA_lite\PWM\hw\quartus\PWM_system\synthesis --family="Cyclone V" --part=5CSEMA4U23C6
Progress: Loading quartus/PWM_system.qsys
Progress: Reading input file
Progress: Adding clk_0 [clock_source 18.1]
Progress: Parameterizing module clk_0
Progress: Adding epcs_flash_controller_0 [altera_avalon_epcs_flash_controller 18.1]
Progress: Parameterizing module epcs_flash_controller_0
Progress: Adding jtag_uart_0 [altera_avalon_jtag_uart 18.1]
Progress: Parameterizing module jtag_uart_0
Progress: Adding nios2_gen2_0 [altera_nios2_gen2 18.1]
Progress: Parameterizing module nios2_gen2_0
Progress: Adding onchip_memory2_0 [altera_avalon_onchip_memory2 18.1]
Progress: Parameterizing module onchip_memory2_0
Progress: Adding pio_0 [altera_avalon_pio 18.1]
Progress: Parameterizing module pio_0
Progress: Adding pio_1 [altera_avalon_pio 18.1]
Progress: Parameterizing module pio_1
Progress: Adding pio_2 [altera_avalon_pio 18.1]
Progress: Parameterizing module pio_2
Progress: Adding pio_3 [altera_avalon_pio 18.1]
Progress: Parameterizing module pio_3
Progress: Building connections
Progress: Parameterizing connections
Progress: Validating
Progress: Done reading input file
Info: PWM_system.epcs_flash_controller_0: Legacy EPCS/EPCQx1 Flash Controller will only be supported in Quartus Prime Standard Edition in the future release.
Info: PWM_system.jtag_uart_0: JTAG UART IP input clock need to be at least double (2x) the operating frequency of JTAG TCK on board
Info: PWM_system.pio_0: PIO inputs are not hardwired in test bench. Undefined values will be read from PIO inputs during simulation.
Info: PWM_system.pio_1: PIO inputs are not hardwired in test bench. Undefined values will be read from PIO inputs during simulation.
Info: PWM_system.pio_2: PIO inputs are not hardwired in test bench. Undefined values will be read from PIO inputs during simulation.
Info: PWM_system: Generating PWM_system "PWM_system" for QUARTUS_SYNTH
Info: epcs_flash_controller_0: Starting RTL generation for module 'PWM_system_epcs_flash_controller_0'
Info: epcs_flash_controller_0:   Generation command is [exec C:/intelfpga_lite/18.1/quartus/bin64/perl/bin/perl.exe -I C:/intelfpga_lite/18.1/quartus/bin64/perl/lib -I C:/intelfpga_lite/18.1/quartus/sopc_builder/bin/europa -I C:/intelfpga_lite/18.1/quartus/sopc_builder/bin/perl_lib -I C:/intelfpga_lite/18.1/quartus/sopc_builder/bin -I C:/intelfpga_lite/18.1/quartus/../ip/altera/sopc_builder_ip/common -I C:/intelfpga_lite/18.1/quartus/../ip/altera/sopc_builder_ip/altera_avalon_epcs_flash_controller -- C:/intelfpga_lite/18.1/quartus/../ip/altera/sopc_builder_ip/altera_avalon_epcs_flash_controller/generate_rtl.pl --name=PWM_system_epcs_flash_controller_0 {--dir=C:/Users/Abhi Kamboj/AppData/Local/Temp/alt8215_5119360085238535554.dir/0002_epcs_flash_controller_0_gen/} --quartus_dir=C:/intelfpga_lite/18.1/quartus --verilog {--config=C:/Users/Abhi Kamboj/AppData/Local/Temp/alt8215_5119360085238535554.dir/0002_epcs_flash_controller_0_gen//PWM_system_epcs_flash_controller_0_component_configuration.pl}  --do_build_sim=0  ]
Info: epcs_flash_controller_0: Done RTL generation for module 'PWM_system_epcs_flash_controller_0'
Info: epcs_flash_controller_0: "PWM_system" instantiated altera_avalon_epcs_flash_controller "epcs_flash_controller_0"
Info: jtag_uart_0: Starting RTL generation for module 'PWM_system_jtag_uart_0'
Info: jtag_uart_0:   Generation command is [exec C:/intelfpga_lite/18.1/quartus/bin64/perl/bin/perl.exe -I C:/intelfpga_lite/18.1/quartus/bin64/perl/lib -I C:/intelfpga_lite/18.1/quartus/sopc_builder/bin/europa -I C:/intelfpga_lite/18.1/quartus/sopc_builder/bin/perl_lib -I C:/intelfpga_lite/18.1/quartus/sopc_builder/bin -I C:/intelfpga_lite/18.1/quartus/../ip/altera/sopc_builder_ip/common -I C:/intelfpga_lite/18.1/quartus/../ip/altera/sopc_builder_ip/altera_avalon_jtag_uart -- C:/intelfpga_lite/18.1/quartus/../ip/altera/sopc_builder_ip/altera_avalon_jtag_uart/generate_rtl.pl --name=PWM_system_jtag_uart_0 {--dir=C:/Users/Abhi Kamboj/AppData/Local/Temp/alt8215_5119360085238535554.dir/0003_jtag_uart_0_gen/} --quartus_dir=C:/intelfpga_lite/18.1/quartus --verilog {--config=C:/Users/Abhi Kamboj/AppData/Local/Temp/alt8215_5119360085238535554.dir/0003_jtag_uart_0_gen//PWM_system_jtag_uart_0_component_configuration.pl}  --do_build_sim=0  ]
Info: jtag_uart_0: Done RTL generation for module 'PWM_system_jtag_uart_0'
Info: jtag_uart_0: "PWM_system" instantiated altera_avalon_jtag_uart "jtag_uart_0"
Info: nios2_gen2_0: "PWM_system" instantiated altera_nios2_gen2 "nios2_gen2_0"
Info: onchip_memory2_0: Starting RTL generation for module 'PWM_system_onchip_memory2_0'
Info: onchip_memory2_0:   Generation command is [exec C:/intelfpga_lite/18.1/quartus/bin64/perl/bin/perl.exe -I C:/intelfpga_lite/18.1/quartus/bin64/perl/lib -I C:/intelfpga_lite/18.1/quartus/sopc_builder/bin/europa -I C:/intelfpga_lite/18.1/quartus/sopc_builder/bin/perl_lib -I C:/intelfpga_lite/18.1/quartus/sopc_builder/bin -I C:/intelfpga_lite/18.1/quartus/../ip/altera/sopc_builder_ip/common -I C:/intelfpga_lite/18.1/quartus/../ip/altera/sopc_builder_ip/altera_avalon_onchip_memory2 -- C:/intelfpga_lite/18.1/quartus/../ip/altera/sopc_builder_ip/altera_avalon_onchip_memory2/generate_rtl.pl --name=PWM_system_onchip_memory2_0 {--dir=C:/Users/Abhi Kamboj/AppData/Local/Temp/alt8215_5119360085238535554.dir/0004_onchip_memory2_0_gen/} --quartus_dir=C:/intelfpga_lite/18.1/quartus --verilog {--config=C:/Users/Abhi Kamboj/AppData/Local/Temp/alt8215_5119360085238535554.dir/0004_onchip_memory2_0_gen//PWM_system_onchip_memory2_0_component_configuration.pl}  --do_build_sim=0  ]
Info: onchip_memory2_0: Done RTL generation for module 'PWM_system_onchip_memory2_0'
Info: onchip_memory2_0: "PWM_system" instantiated altera_avalon_onchip_memory2 "onchip_memory2_0"
Info: pio_0: Starting RTL generation for module 'PWM_system_pio_0'
Info: pio_0:   Generation command is [exec C:/intelfpga_lite/18.1/quartus/bin64/perl/bin/perl.exe -I C:/intelfpga_lite/18.1/quartus/bin64/perl/lib -I C:/intelfpga_lite/18.1/quartus/sopc_builder/bin/europa -I C:/intelfpga_lite/18.1/quartus/sopc_builder/bin/perl_lib -I C:/intelfpga_lite/18.1/quartus/sopc_builder/bin -I C:/intelfpga_lite/18.1/quartus/../ip/altera/sopc_builder_ip/common -I C:/intelfpga_lite/18.1/quartus/../ip/altera/sopc_builder_ip/altera_avalon_pio -- C:/intelfpga_lite/18.1/quartus/../ip/altera/sopc_builder_ip/altera_avalon_pio/generate_rtl.pl --name=PWM_system_pio_0 {--dir=C:/Users/Abhi Kamboj/AppData/Local/Temp/alt8215_5119360085238535554.dir/0005_pio_0_gen/} --quartus_dir=C:/intelfpga_lite/18.1/quartus --verilog {--config=C:/Users/Abhi Kamboj/AppData/Local/Temp/alt8215_5119360085238535554.dir/0005_pio_0_gen//PWM_system_pio_0_component_configuration.pl}  --do_build_sim=0  ]
Info: pio_0: Done RTL generation for module 'PWM_system_pio_0'
Info: pio_0: "PWM_system" instantiated altera_avalon_pio "pio_0"
Info: pio_2: Starting RTL generation for module 'PWM_system_pio_2'
Info: pio_2:   Generation command is [exec C:/intelfpga_lite/18.1/quartus/bin64/perl/bin/perl.exe -I C:/intelfpga_lite/18.1/quartus/bin64/perl/lib -I C:/intelfpga_lite/18.1/quartus/sopc_builder/bin/europa -I C:/intelfpga_lite/18.1/quartus/sopc_builder/bin/perl_lib -I C:/intelfpga_lite/18.1/quartus/sopc_builder/bin -I C:/intelfpga_lite/18.1/quartus/../ip/altera/sopc_builder_ip/common -I C:/intelfpga_lite/18.1/quartus/../ip/altera/sopc_builder_ip/altera_avalon_pio -- C:/intelfpga_lite/18.1/quartus/../ip/altera/sopc_builder_ip/altera_avalon_pio/generate_rtl.pl --name=PWM_system_pio_2 {--dir=C:/Users/Abhi Kamboj/AppData/Local/Temp/alt8215_5119360085238535554.dir/0006_pio_2_gen/} --quartus_dir=C:/intelfpga_lite/18.1/quartus --verilog {--config=C:/Users/Abhi Kamboj/AppData/Local/Temp/alt8215_5119360085238535554.dir/0006_pio_2_gen//PWM_system_pio_2_component_configuration.pl}  --do_build_sim=0  ]
Info: pio_2: Done RTL generation for module 'PWM_system_pio_2'
Info: pio_2: "PWM_system" instantiated altera_avalon_pio "pio_2"
Info: pio_3: Starting RTL generation for module 'PWM_system_pio_3'
Info: pio_3:   Generation command is [exec C:/intelfpga_lite/18.1/quartus/bin64/perl/bin/perl.exe -I C:/intelfpga_lite/18.1/quartus/bin64/perl/lib -I C:/intelfpga_lite/18.1/quartus/sopc_builder/bin/europa -I C:/intelfpga_lite/18.1/quartus/sopc_builder/bin/perl_lib -I C:/intelfpga_lite/18.1/quartus/sopc_builder/bin -I C:/intelfpga_lite/18.1/quartus/../ip/altera/sopc_builder_ip/common -I C:/intelfpga_lite/18.1/quartus/../ip/altera/sopc_builder_ip/altera_avalon_pio -- C:/intelfpga_lite/18.1/quartus/../ip/altera/sopc_builder_ip/altera_avalon_pio/generate_rtl.pl --name=PWM_system_pio_3 {--dir=C:/Users/Abhi Kamboj/AppData/Local/Temp/alt8215_5119360085238535554.dir/0007_pio_3_gen/} --quartus_dir=C:/intelfpga_lite/18.1/quartus --verilog {--config=C:/Users/Abhi Kamboj/AppData/Local/Temp/alt8215_5119360085238535554.dir/0007_pio_3_gen//PWM_system_pio_3_component_configuration.pl}  --do_build_sim=0  ]
Info: pio_3: Done RTL generation for module 'PWM_system_pio_3'
Info: pio_3: "PWM_system" instantiated altera_avalon_pio "pio_3"
Info: avalon_st_adapter: Inserting error_adapter: error_adapter_0
Info: avalon_st_adapter_001: Inserting error_adapter: error_adapter_0
Info: avalon_st_adapter_002: Inserting error_adapter: error_adapter_0
Info: avalon_st_adapter_003: Inserting error_adapter: error_adapter_0
Info: avalon_st_adapter_004: Inserting error_adapter: error_adapter_0
Info: avalon_st_adapter_005: Inserting error_adapter: error_adapter_0
Info: avalon_st_adapter_006: Inserting error_adapter: error_adapter_0
Info: avalon_st_adapter_007: Inserting error_adapter: error_adapter_0
Info: mm_interconnect_0: "PWM_system" instantiated altera_mm_interconnect "mm_interconnect_0"
Info: irq_mapper: "PWM_system" instantiated altera_irq_mapper "irq_mapper"
Info: rst_controller: "PWM_system" instantiated altera_reset_controller "rst_controller"
Info: cpu: Starting RTL generation for module 'PWM_system_nios2_gen2_0_cpu'
Info: cpu:   Generation command is [exec C:/intelFPGA_lite/18.1/quartus/bin64//eperlcmd.exe -I C:/intelFPGA_lite/18.1/quartus/bin64//perl/lib -I C:/intelfpga_lite/18.1/quartus/sopc_builder/bin/europa -I C:/intelfpga_lite/18.1/quartus/sopc_builder/bin/perl_lib -I C:/intelfpga_lite/18.1/quartus/sopc_builder/bin -I C:/intelfpga_lite/18.1/quartus/../ip/altera/nios2_ip/altera_nios2_gen2/cpu_lib -I C:/intelfpga_lite/18.1/quartus/../ip/altera/nios2_ip/altera_nios2_gen2/nios_lib -I C:/intelfpga_lite/18.1/quartus/../ip/altera/nios2_ip/altera_nios2_gen2 -I C:/intelfpga_lite/18.1/quartus/../ip/altera/nios2_ip/altera_nios2_gen2 -- C:/intelfpga_lite/18.1/quartus/../ip/altera/nios2_ip/altera_nios2_gen2/generate_rtl.epl --name=PWM_system_nios2_gen2_0_cpu {--dir=C:/Users/Abhi Kamboj/AppData/Local/Temp/alt8215_5119360085238535554.dir/0010_cpu_gen/} --quartus_bindir=C:/intelFPGA_lite/18.1/quartus/bin64/ --verilog {--config=C:/Users/Abhi Kamboj/AppData/Local/Temp/alt8215_5119360085238535554.dir/0010_cpu_gen//PWM_system_nios2_gen2_0_cpu_processor_configuration.pl}  --do_build_sim=0  ]
Info: cpu: # 2019.11.15 10:39:17 (*) Starting Nios II generation
Info: cpu: # 2019.11.15 10:39:17 (*)   Checking for plaintext license.
Info: cpu: # 2019.11.15 10:39:18 (*)   Couldn't query license setup in Quartus directory C:/intelFPGA_lite/18.1/quartus/bin64/
Info: cpu: # 2019.11.15 10:39:18 (*)   Defaulting to contents of LM_LICENSE_FILE environment variable
Info: cpu: # 2019.11.15 10:39:18 (*)   LM_LICENSE_FILE environment variable is empty
Info: cpu: # 2019.11.15 10:39:18 (*)   Plaintext license not found.
Info: cpu: # 2019.11.15 10:39:18 (*)   Checking for encrypted license (non-evaluation).
Info: cpu: # 2019.11.15 10:39:19 (*)   Couldn't query license setup in Quartus directory C:/intelFPGA_lite/18.1/quartus/bin64/
Info: cpu: # 2019.11.15 10:39:19 (*)   Defaulting to contents of LM_LICENSE_FILE environment variable
Info: cpu: # 2019.11.15 10:39:19 (*)   LM_LICENSE_FILE environment variable is empty
Info: cpu: # 2019.11.15 10:39:19 (*)   Encrypted license not found.  Defaulting to OCP evaluation license (produces a time-limited SOF)
Info: cpu: # 2019.11.15 10:39:19 (*)   Elaborating CPU configuration settings
Info: cpu: # 2019.11.15 10:39:19 (*)   Creating all objects for CPU
Info: cpu: # 2019.11.15 10:39:19 (*)     Testbench
Info: cpu: # 2019.11.15 10:39:19 (*)     Instruction decoding
Info: cpu: # 2019.11.15 10:39:19 (*)       Instruction fields
Info: cpu: # 2019.11.15 10:39:19 (*)       Instruction decodes
Info: cpu: # 2019.11.15 10:39:20 (*)       Signals for RTL simulation waveforms
Info: cpu: # 2019.11.15 10:39:20 (*)       Instruction controls
Info: cpu: # 2019.11.15 10:39:20 (*)     Pipeline frontend
Info: cpu: # 2019.11.15 10:39:20 (*)     Pipeline backend
Info: cpu: # 2019.11.15 10:39:26 (*)   Generating RTL from CPU objects
Info: cpu: # 2019.11.15 10:39:30 (*)   Creating encrypted RTL
Info: cpu: # 2019.11.15 10:39:32 (*) Done Nios II generation
Info: cpu: Done RTL generation for module 'PWM_system_nios2_gen2_0_cpu'
Info: cpu: "nios2_gen2_0" instantiated altera_nios2_gen2_unit "cpu"
Info: nios2_gen2_0_data_master_translator: "mm_interconnect_0" instantiated altera_merlin_master_translator "nios2_gen2_0_data_master_translator"
Info: jtag_uart_0_avalon_jtag_slave_translator: "mm_interconnect_0" instantiated altera_merlin_slave_translator "jtag_uart_0_avalon_jtag_slave_translator"
Info: nios2_gen2_0_data_master_agent: "mm_interconnect_0" instantiated altera_merlin_master_agent "nios2_gen2_0_data_master_agent"
Info: jtag_uart_0_avalon_jtag_slave_agent: "mm_interconnect_0" instantiated altera_merlin_slave_agent "jtag_uart_0_avalon_jtag_slave_agent"
Info: jtag_uart_0_avalon_jtag_slave_agent_rsp_fifo: "mm_interconnect_0" instantiated altera_avalon_sc_fifo "jtag_uart_0_avalon_jtag_slave_agent_rsp_fifo"
Info: router: "mm_interconnect_0" instantiated altera_merlin_router "router"
Info: router_001: "mm_interconnect_0" instantiated altera_merlin_router "router_001"
Info: router_002: "mm_interconnect_0" instantiated altera_merlin_router "router_002"
Info: router_003: "mm_interconnect_0" instantiated altera_merlin_router "router_003"
Info: nios2_gen2_0_data_master_limiter: "mm_interconnect_0" instantiated altera_merlin_traffic_limiter "nios2_gen2_0_data_master_limiter"
Info: Reusing file C:/intelFPGA_lite/PWM/hw/quartus/PWM_system/synthesis/submodules/altera_avalon_sc_fifo.v
Info: cmd_demux: "mm_interconnect_0" instantiated altera_merlin_demultiplexer "cmd_demux"
Info: cmd_demux_001: "mm_interconnect_0" instantiated altera_merlin_demultiplexer "cmd_demux_001"
Info: cmd_mux: "mm_interconnect_0" instantiated altera_merlin_multiplexer "cmd_mux"
Info: cmd_mux_001: "mm_interconnect_0" instantiated altera_merlin_multiplexer "cmd_mux_001"
Info: Reusing file C:/intelFPGA_lite/PWM/hw/quartus/PWM_system/synthesis/submodules/altera_merlin_arbitrator.sv
Info: rsp_demux: "mm_interconnect_0" instantiated altera_merlin_demultiplexer "rsp_demux"
Info: rsp_demux_001: "mm_interconnect_0" instantiated altera_merlin_demultiplexer "rsp_demux_001"
Info: rsp_mux: "mm_interconnect_0" instantiated altera_merlin_multiplexer "rsp_mux"
Info: Reusing file C:/intelFPGA_lite/PWM/hw/quartus/PWM_system/synthesis/submodules/altera_merlin_arbitrator.sv
Info: rsp_mux_001: "mm_interconnect_0" instantiated altera_merlin_multiplexer "rsp_mux_001"
Info: Reusing file C:/intelFPGA_lite/PWM/hw/quartus/PWM_system/synthesis/submodules/altera_merlin_arbitrator.sv
Info: avalon_st_adapter: "mm_interconnect_0" instantiated altera_avalon_st_adapter "avalon_st_adapter"
Info: error_adapter_0: "avalon_st_adapter" instantiated error_adapter "error_adapter_0"
Info: PWM_system: Done "PWM_system" with 32 modules, 55 files
Info: qsys-generate succeeded.
Info: Finished: Create HDL design files for synthesis
