08:42:55 **** Incremental Build of configuration Nios II for project RW_pwm_bsp ****
make all 
[BSP build complete]
08:43:39 **** Build of configuration Nios II for project RW_pwm ****
make all 
Info: Building ../RW_pwm_bsp/
C:/intelFPGA_lite/18.1/nios2eds/bin/gnu/H-x86_64-mingw32/bin/make --no-print-directory -C ../RW_pwm_bsp/
[BSP build complete]
[RW_pwm build complete]
08:44:01 **** Incremental Build of configuration Nios II for project RW_pwm ****
make all 
Info: Building ../RW_pwm_bsp/
C:/intelFPGA_lite/18.1/nios2eds/bin/gnu/H-x86_64-mingw32/bin/make --no-print-directory -C ../RW_pwm_bsp/
[BSP build complete]
[RW_pwm build complete]
08:58:06 **** Build of configuration Nios II for project RW_pwm ****
make all 
Info: Building ../RW_pwm_bsp/
C:/intelFPGA_lite/18.1/nios2eds/bin/gnu/H-x86_64-mingw32/bin/make --no-print-directory -C ../RW_pwm_bsp/
[BSP build complete]
Info: Compiling hello_world.c to obj/default/hello_world.o
nios2-elf-gcc -xc -MP -MMD -c -I../RW_pwm_bsp//HAL/inc -I../RW_pwm_bsp/ -I../RW_pwm_bsp//drivers/inc  -pipe -D__hal__ -DALT_NO_INSTRUCTION_EMULATION -DALT_SINGLE_THREADED    -O0 -g -Wall   -mno-hw-div -mhw-mul -mno-hw-mulx -mgpopt=global  -o obj/default/hello_world.o hello_world.c
Info: Linking RW_pwm.elf
nios2-elf-g++  -T'../RW_pwm_bsp//linker.x' -msys-crt0='../RW_pwm_bsp//obj/HAL/src/crt0.o' -msys-lib=hal_bsp -L../RW_pwm_bsp/   -Wl,-Map=RW_pwm.map   -O0 -g -Wall   -mno-hw-div -mhw-mul -mno-hw-mulx -mgpopt=global  -o RW_pwm.elf obj/default/hello_world.o -lm -msys-lib=m
nios2-elf-insert RW_pwm.elf --thread_model hal --cpu_name nios2_gen2_0 --qsys true --simulation_enabled false --stderr_dev jtag_uart_0 --stdin_dev jtag_uart_0 --stdout_dev jtag_uart_0 --sopc_system_name pwm_system --quartus_project_dir "C:/intelFPGA_lite/PWM_avalonSlave/hw/quartus" --jdi ../..//output_files/PWM_avalonSlave.jdi --sopcinfo C:/intelFPGA_lite/PWM_avalonSlave/hw/quartus/software/RW_pwm_bsp/../../pwm_system.sopcinfo
Info: (RW_pwm.elf) 68 KBytes program size (code + initialized data).
Info:              52 KBytes free for stack + heap.
Info: Creating RW_pwm.objdump
nios2-elf-objdump --disassemble --syms --all-header --source RW_pwm.elf >RW_pwm.objdump
[RW_pwm build complete]
08:58:11 **** Incremental Build of configuration Nios II for project RW_pwm ****
make all 
Info: Building ../RW_pwm_bsp/
C:/intelFPGA_lite/18.1/nios2eds/bin/gnu/H-x86_64-mingw32/bin/make --no-print-directory -C ../RW_pwm_bsp/
[BSP build complete]
[RW_pwm build complete]
14:00:04 **** Incremental Build of configuration Nios II for project RW_pwm ****
make all 
Info: Building ../RW_pwm_bsp/
C:/intelFPGA_lite/18.1/nios2eds/bin/gnu/H-x86_64-mingw32/bin/make --no-print-directory -C ../RW_pwm_bsp/
Makefile not up to date.
../../pwm_system.sopcinfo has been modified since the BSP was generated.

Generate the BSP to update the Makefile, and then build again.

To generate from Eclipse:
 1. Right-click the BSP project.
 2. In the Nios II Menu, click Generate BSP.

To generate from the command line:
 nios2-bsp-generate-files --settings=<settings file> --bsp-dir=<target bsp files directory>

make[1]: *** [public.mk] Error 1
make: *** [../RW_pwm_bsp/-recurs-make-lib] Error 2
14:00:07 **** Incremental Build of configuration Nios II for project RW_pwm_bsp ****
make all 
Makefile not up to date.
../../pwm_system.sopcinfo has been modified since the BSP was generated.

Generate the BSP to update the Makefile, and then build again.

To generate from Eclipse:
 1. Right-click the BSP project.
 2. In the Nios II Menu, click Generate BSP.

To generate from the command line:
 nios2-bsp-generate-files --settings=<settings file> --bsp-dir=<target bsp files directory>

make: *** [public.mk] Error 1
14:00:08 **** Build of configuration Nios II for project application ****
make all 
Info: Building C:/intelFPGA_lite/PWM_avalonSlave/sw/nios/application_bsp/
C:/intelFPGA_lite/18.1/nios2eds/bin/gnu/H-x86_64-mingw32/bin/make --no-print-directory -C C:/intelFPGA_lite/PWM_avalonSlave/sw/nios/application_bsp/
Makefile not up to date.
C:/intelFPGA_lite/PWM_avalonSlave/hw/quartus/pwm_system.sopcinfo has been modified since the BSP was generated.

Generate the BSP to update the Makefile, and then build again.

To generate from Eclipse:
 1. Right-click the BSP project.
 2. In the Nios II Menu, click Generate BSP.

To generate from the command line:
 nios2-bsp-generate-files --settings=<settings file> --bsp-dir=<target bsp files directory>

make[1]: *** [public.mk] Error 1
make: *** [C:/intelFPGA_lite/PWM_avalonSlave/sw/nios/application_bsp/-recurs-make-lib] Error 2
14:00:10 **** Build of configuration Nios II for project projet ****
make all 
Info: Building ../projet_bsp/
C:/intelFPGA_lite/18.1/nios2eds/bin/gnu/H-x86_64-mingw32/bin/make --no-print-directory -C ../projet_bsp/
Makefile not up to date.
../../pwm_system.sopcinfo has been modified since the BSP was generated.

Generate the BSP to update the Makefile, and then build again.

To generate from Eclipse:
 1. Right-click the BSP project.
 2. In the Nios II Menu, click Generate BSP.

To generate from the command line:
 nios2-bsp-generate-files --settings=<settings file> --bsp-dir=<target bsp files directory>

make[1]: *** [public.mk] Error 1
make: *** [../projet_bsp/-recurs-make-lib] Error 2
14:00:39 **** Incremental Build of configuration Nios II for project RW_pwm ****
make all 
Info: Building ../RW_pwm_bsp/
C:/intelFPGA_lite/18.1/nios2eds/bin/gnu/H-x86_64-mingw32/bin/make --no-print-directory -C ../RW_pwm_bsp/
[BSP build complete]
Info: Compiling hello_world.c to obj/default/hello_world.o
nios2-elf-gcc -xc -MP -MMD -c -I../RW_pwm_bsp//HAL/inc -I../RW_pwm_bsp/ -I../RW_pwm_bsp//drivers/inc  -pipe -D__hal__ -DALT_NO_INSTRUCTION_EMULATION -DALT_SINGLE_THREADED    -O0 -g -Wall   -mno-hw-div -mhw-mul -mno-hw-mulx -mgpopt=global  -o obj/default/hello_world.o hello_world.c
hello_world.c: In function 'main':
hello_world.c:64:15: warning: unused variable 'i' [-Wunused-variable]
  volatile int i =0;
               ^
Info: Linking RW_pwm.elf
nios2-elf-g++  -T'../RW_pwm_bsp//linker.x' -msys-crt0='../RW_pwm_bsp//obj/HAL/src/crt0.o' -msys-lib=hal_bsp -L../RW_pwm_bsp/   -Wl,-Map=RW_pwm.map   -O0 -g -Wall   -mno-hw-div -mhw-mul -mno-hw-mulx -mgpopt=global  -o RW_pwm.elf obj/default/hello_world.o -lm -msys-lib=m
nios2-elf-insert RW_pwm.elf --thread_model hal --cpu_name nios2_gen2_0 --qsys true --simulation_enabled false --stderr_dev jtag_uart_0 --stdin_dev jtag_uart_0 --stdout_dev jtag_uart_0 --sopc_system_name pwm_system --quartus_project_dir "C:/intelFPGA_lite/PWM_avalonSlave/hw/quartus" --jdi ../..//output_files/PWM_avalonSlave.jdi --sopcinfo C:/intelFPGA_lite/PWM_avalonSlave/hw/quartus/software/RW_pwm_bsp/../../pwm_system.sopcinfo
Info: (RW_pwm.elf) 68 KBytes program size (code + initialized data).
Info:              52 KBytes free for stack + heap.
Info: Creating RW_pwm.objdump
nios2-elf-objdump --disassemble --syms --all-header --source RW_pwm.elf >RW_pwm.objdump
[RW_pwm build complete]
14:00:46 **** Incremental Build of configuration Nios II for project RW_pwm_bsp ****
make all 
[BSP build complete]
14:00:47 **** Incremental Build of configuration Nios II for project application ****
make all 
Info: Building C:/intelFPGA_lite/PWM_avalonSlave/sw/nios/application_bsp/
C:/intelFPGA_lite/18.1/nios2eds/bin/gnu/H-x86_64-mingw32/bin/make --no-print-directory -C C:/intelFPGA_lite/PWM_avalonSlave/sw/nios/application_bsp/
Makefile not up to date.
C:/intelFPGA_lite/PWM_avalonSlave/hw/quartus/pwm_system.sopcinfo has been modified since the BSP was generated.

Generate the BSP to update the Makefile, and then build again.

To generate from Eclipse:
 1. Right-click the BSP project.
 2. In the Nios II Menu, click Generate BSP.

To generate from the command line:
 nios2-bsp-generate-files --settings=<settings file> --bsp-dir=<target bsp files directory>

make[1]: *** [public.mk] Error 1
make: *** [C:/intelFPGA_lite/PWM_avalonSlave/sw/nios/application_bsp/-recurs-make-lib] Error 2
14:00:48 **** Incremental Build of configuration Nios II for project projet ****
make all 
Info: Building ../projet_bsp/
C:/intelFPGA_lite/18.1/nios2eds/bin/gnu/H-x86_64-mingw32/bin/make --no-print-directory -C ../projet_bsp/
Makefile not up to date.
../../pwm_system.sopcinfo has been modified since the BSP was generated.

Generate the BSP to update the Makefile, and then build again.

To generate from Eclipse:
 1. Right-click the BSP project.
 2. In the Nios II Menu, click Generate BSP.

To generate from the command line:
 nios2-bsp-generate-files --settings=<settings file> --bsp-dir=<target bsp files directory>

make[1]: *** [public.mk] Error 1
make: *** [../projet_bsp/-recurs-make-lib] Error 2
14:01:24 **** Build of configuration Nios II for project RW_pwm ****
make all 
Info: Building ../RW_pwm_bsp/
C:/intelFPGA_lite/18.1/nios2eds/bin/gnu/H-x86_64-mingw32/bin/make --no-print-directory -C ../RW_pwm_bsp/
[BSP build complete]
[RW_pwm build complete]
14:01:27 **** Incremental Build of configuration Nios II for project RW_pwm ****
make all 
Info: Building ../RW_pwm_bsp/
C:/intelFPGA_lite/18.1/nios2eds/bin/gnu/H-x86_64-mingw32/bin/make --no-print-directory -C ../RW_pwm_bsp/
[BSP build complete]
[RW_pwm build complete]
14:05:40 **** Incremental Build of configuration Nios II for project RW_pwm ****
make all 
Info: Building ../RW_pwm_bsp/
C:/intelFPGA_lite/18.1/nios2eds/bin/gnu/H-x86_64-mingw32/bin/make --no-print-directory -C ../RW_pwm_bsp/
[BSP build complete]
Info: Compiling hello_world.c to obj/default/hello_world.o
nios2-elf-gcc -xc -MP -MMD -c -I../RW_pwm_bsp//HAL/inc -I../RW_pwm_bsp/ -I../RW_pwm_bsp//drivers/inc  -pipe -D__hal__ -DALT_NO_INSTRUCTION_EMULATION -DALT_SINGLE_THREADED    -O0 -g -Wall   -mno-hw-div -mhw-mul -mno-hw-mulx -mgpopt=global  -o obj/default/hello_world.o hello_world.c
hello_world.c: In function 'main':
hello_world.c:64:15: warning: unused variable 'i' [-Wunused-variable]
  volatile int i =0;
               ^
Info: Linking RW_pwm.elf
nios2-elf-g++  -T'../RW_pwm_bsp//linker.x' -msys-crt0='../RW_pwm_bsp//obj/HAL/src/crt0.o' -msys-lib=hal_bsp -L../RW_pwm_bsp/   -Wl,-Map=RW_pwm.map   -O0 -g -Wall   -mno-hw-div -mhw-mul -mno-hw-mulx -mgpopt=global  -o RW_pwm.elf obj/default/hello_world.o -lm -msys-lib=m
nios2-elf-insert RW_pwm.elf --thread_model hal --cpu_name nios2_gen2_0 --qsys true --simulation_enabled false --stderr_dev jtag_uart_0 --stdin_dev jtag_uart_0 --stdout_dev jtag_uart_0 --sopc_system_name pwm_system --quartus_project_dir "C:/intelFPGA_lite/PWM_avalonSlave/hw/quartus" --jdi ../..//output_files/PWM_avalonSlave.jdi --sopcinfo C:/intelFPGA_lite/PWM_avalonSlave/hw/quartus/software/RW_pwm_bsp/../../pwm_system.sopcinfo
Info: (RW_pwm.elf) 68 KBytes program size (code + initialized data).
Info:              52 KBytes free for stack + heap.
Info: Creating RW_pwm.objdump
nios2-elf-objdump --disassemble --syms --all-header --source RW_pwm.elf >RW_pwm.objdump
[RW_pwm build complete]
14:08:01 **** Incremental Build of configuration Nios II for project RW_pwm ****
make all 
Info: Building ../RW_pwm_bsp/
C:/intelFPGA_lite/18.1/nios2eds/bin/gnu/H-x86_64-mingw32/bin/make --no-print-directory -C ../RW_pwm_bsp/
[BSP build complete]
Info: Compiling hello_world.c to obj/default/hello_world.o
nios2-elf-gcc -xc -MP -MMD -c -I../RW_pwm_bsp//HAL/inc -I../RW_pwm_bsp/ -I../RW_pwm_bsp//drivers/inc  -pipe -D__hal__ -DALT_NO_INSTRUCTION_EMULATION -DALT_SINGLE_THREADED    -O0 -g -Wall   -mno-hw-div -mhw-mul -mno-hw-mulx -mgpopt=global  -o obj/default/hello_world.o hello_world.c
hello_world.c: In function 'main':
hello_world.c:64:15: warning: unused variable 'i' [-Wunused-variable]
  volatile int i =0;
               ^
Info: Linking RW_pwm.elf
nios2-elf-g++  -T'../RW_pwm_bsp//linker.x' -msys-crt0='../RW_pwm_bsp//obj/HAL/src/crt0.o' -msys-lib=hal_bsp -L../RW_pwm_bsp/   -Wl,-Map=RW_pwm.map   -O0 -g -Wall   -mno-hw-div -mhw-mul -mno-hw-mulx -mgpopt=global  -o RW_pwm.elf obj/default/hello_world.o -lm -msys-lib=m
nios2-elf-insert RW_pwm.elf --thread_model hal --cpu_name nios2_gen2_0 --qsys true --simulation_enabled false --stderr_dev jtag_uart_0 --stdin_dev jtag_uart_0 --stdout_dev jtag_uart_0 --sopc_system_name pwm_system --quartus_project_dir "C:/intelFPGA_lite/PWM_avalonSlave/hw/quartus" --jdi ../..//output_files/PWM_avalonSlave.jdi --sopcinfo C:/intelFPGA_lite/PWM_avalonSlave/hw/quartus/software/RW_pwm_bsp/../../pwm_system.sopcinfo
Info: (RW_pwm.elf) 68 KBytes program size (code + initialized data).
Info:              52 KBytes free for stack + heap.
Info: Creating RW_pwm.objdump
nios2-elf-objdump --disassemble --syms --all-header --source RW_pwm.elf >RW_pwm.objdump
[RW_pwm build complete]
14:10:15 **** Incremental Build of configuration Nios II for project RW_pwm ****
make all 
Info: Building ../RW_pwm_bsp/
C:/intelFPGA_lite/18.1/nios2eds/bin/gnu/H-x86_64-mingw32/bin/make --no-print-directory -C ../RW_pwm_bsp/
[BSP build complete]
Info: Compiling hello_world.c to obj/default/hello_world.o
nios2-elf-gcc -xc -MP -MMD -c -I../RW_pwm_bsp//HAL/inc -I../RW_pwm_bsp/ -I../RW_pwm_bsp//drivers/inc  -pipe -D__hal__ -DALT_NO_INSTRUCTION_EMULATION -DALT_SINGLE_THREADED    -O0 -g -Wall   -mno-hw-div -mhw-mul -mno-hw-mulx -mgpopt=global  -o obj/default/hello_world.o hello_world.c
hello_world.c: In function 'main':
hello_world.c:64:15: warning: unused variable 'i' [-Wunused-variable]
  volatile int i =0;
               ^
Info: Linking RW_pwm.elf
nios2-elf-g++  -T'../RW_pwm_bsp//linker.x' -msys-crt0='../RW_pwm_bsp//obj/HAL/src/crt0.o' -msys-lib=hal_bsp -L../RW_pwm_bsp/   -Wl,-Map=RW_pwm.map   -O0 -g -Wall   -mno-hw-div -mhw-mul -mno-hw-mulx -mgpopt=global  -o RW_pwm.elf obj/default/hello_world.o -lm -msys-lib=m
nios2-elf-insert RW_pwm.elf --thread_model hal --cpu_name nios2_gen2_0 --qsys true --simulation_enabled false --stderr_dev jtag_uart_0 --stdin_dev jtag_uart_0 --stdout_dev jtag_uart_0 --sopc_system_name pwm_system --quartus_project_dir "C:/intelFPGA_lite/PWM_avalonSlave/hw/quartus" --jdi ../..//output_files/PWM_avalonSlave.jdi --sopcinfo C:/intelFPGA_lite/PWM_avalonSlave/hw/quartus/software/RW_pwm_bsp/../../pwm_system.sopcinfo
Info: (RW_pwm.elf) 68 KBytes program size (code + initialized data).
Info:              52 KBytes free for stack + heap.
Info: Creating RW_pwm.objdump
nios2-elf-objdump --disassemble --syms --all-header --source RW_pwm.elf >RW_pwm.objdump
[RW_pwm build complete]
14:10:43 **** Incremental Build of configuration Nios II for project RW_pwm ****
make all 
Info: Building ../RW_pwm_bsp/
C:/intelFPGA_lite/18.1/nios2eds/bin/gnu/H-x86_64-mingw32/bin/make --no-print-directory -C ../RW_pwm_bsp/
[BSP build complete]
Info: Compiling hello_world.c to obj/default/hello_world.o
nios2-elf-gcc -xc -MP -MMD -c -I../RW_pwm_bsp//HAL/inc -I../RW_pwm_bsp/ -I../RW_pwm_bsp//drivers/inc  -pipe -D__hal__ -DALT_NO_INSTRUCTION_EMULATION -DALT_SINGLE_THREADED    -O0 -g -Wall   -mno-hw-div -mhw-mul -mno-hw-mulx -mgpopt=global  -o obj/default/hello_world.o hello_world.c
hello_world.c: In function 'main':
hello_world.c:64:15: warning: unused variable 'i' [-Wunused-variable]
  volatile int i =0;
               ^
Info: Linking RW_pwm.elf
nios2-elf-g++  -T'../RW_pwm_bsp//linker.x' -msys-crt0='../RW_pwm_bsp//obj/HAL/src/crt0.o' -msys-lib=hal_bsp -L../RW_pwm_bsp/   -Wl,-Map=RW_pwm.map   -O0 -g -Wall   -mno-hw-div -mhw-mul -mno-hw-mulx -mgpopt=global  -o RW_pwm.elf obj/default/hello_world.o -lm -msys-lib=m
nios2-elf-insert RW_pwm.elf --thread_model hal --cpu_name nios2_gen2_0 --qsys true --simulation_enabled false --stderr_dev jtag_uart_0 --stdin_dev jtag_uart_0 --stdout_dev jtag_uart_0 --sopc_system_name pwm_system --quartus_project_dir "C:/intelFPGA_lite/PWM_avalonSlave/hw/quartus" --jdi ../..//output_files/PWM_avalonSlave.jdi --sopcinfo C:/intelFPGA_lite/PWM_avalonSlave/hw/quartus/software/RW_pwm_bsp/../../pwm_system.sopcinfo
Info: (RW_pwm.elf) 68 KBytes program size (code + initialized data).
Info:              52 KBytes free for stack + heap.
Info: Creating RW_pwm.objdump
nios2-elf-objdump --disassemble --syms --all-header --source RW_pwm.elf >RW_pwm.objdump
[RW_pwm build complete]
14:12:17 **** Incremental Build of configuration Nios II for project RW_pwm ****
make all 
Info: Building ../RW_pwm_bsp/
C:/intelFPGA_lite/18.1/nios2eds/bin/gnu/H-x86_64-mingw32/bin/make --no-print-directory -C ../RW_pwm_bsp/
[BSP build complete]
Info: Compiling hello_world.c to obj/default/hello_world.o
nios2-elf-gcc -xc -MP -MMD -c -I../RW_pwm_bsp//HAL/inc -I../RW_pwm_bsp/ -I../RW_pwm_bsp//drivers/inc  -pipe -D__hal__ -DALT_NO_INSTRUCTION_EMULATION -DALT_SINGLE_THREADED    -O0 -g -Wall   -mno-hw-div -mhw-mul -mno-hw-mulx -mgpopt=global  -o obj/default/hello_world.o hello_world.c
hello_world.c: In function 'main':
hello_world.c:64:15: warning: unused variable 'i' [-Wunused-variable]
  volatile int i =0;
               ^
Info: Linking RW_pwm.elf
nios2-elf-g++  -T'../RW_pwm_bsp//linker.x' -msys-crt0='../RW_pwm_bsp//obj/HAL/src/crt0.o' -msys-lib=hal_bsp -L../RW_pwm_bsp/   -Wl,-Map=RW_pwm.map   -O0 -g -Wall   -mno-hw-div -mhw-mul -mno-hw-mulx -mgpopt=global  -o RW_pwm.elf obj/default/hello_world.o -lm -msys-lib=m
nios2-elf-insert RW_pwm.elf --thread_model hal --cpu_name nios2_gen2_0 --qsys true --simulation_enabled false --stderr_dev jtag_uart_0 --stdin_dev jtag_uart_0 --stdout_dev jtag_uart_0 --sopc_system_name pwm_system --quartus_project_dir "C:/intelFPGA_lite/PWM_avalonSlave/hw/quartus" --jdi ../..//output_files/PWM_avalonSlave.jdi --sopcinfo C:/intelFPGA_lite/PWM_avalonSlave/hw/quartus/software/RW_pwm_bsp/../../pwm_system.sopcinfo
Info: (RW_pwm.elf) 68 KBytes program size (code + initialized data).
Info:              52 KBytes free for stack + heap.
Info: Creating RW_pwm.objdump
nios2-elf-objdump --disassemble --syms --all-header --source RW_pwm.elf >RW_pwm.objdump
[RW_pwm build complete]
14:13:27 **** Incremental Build of configuration Nios II for project RW_pwm ****
make all 
Info: Building ../RW_pwm_bsp/
C:/intelFPGA_lite/18.1/nios2eds/bin/gnu/H-x86_64-mingw32/bin/make --no-print-directory -C ../RW_pwm_bsp/
[BSP build complete]
[RW_pwm build complete]
14:13:55 **** Incremental Build of configuration Nios II for project RW_pwm ****
make all 
Info: Building ../RW_pwm_bsp/
C:/intelFPGA_lite/18.1/nios2eds/bin/gnu/H-x86_64-mingw32/bin/make --no-print-directory -C ../RW_pwm_bsp/
[BSP build complete]
Info: Compiling hello_world.c to obj/default/hello_world.o
nios2-elf-gcc -xc -MP -MMD -c -I../RW_pwm_bsp//HAL/inc -I../RW_pwm_bsp/ -I../RW_pwm_bsp//drivers/inc  -pipe -D__hal__ -DALT_NO_INSTRUCTION_EMULATION -DALT_SINGLE_THREADED    -O0 -g -Wall   -mno-hw-div -mhw-mul -mno-hw-mulx -mgpopt=global  -o obj/default/hello_world.o hello_world.c
hello_world.c: In function 'main':
hello_world.c:64:15: warning: unused variable 'i' [-Wunused-variable]
  volatile int i =0;
               ^
Info: Linking RW_pwm.elf
nios2-elf-g++  -T'../RW_pwm_bsp//linker.x' -msys-crt0='../RW_pwm_bsp//obj/HAL/src/crt0.o' -msys-lib=hal_bsp -L../RW_pwm_bsp/   -Wl,-Map=RW_pwm.map   -O0 -g -Wall   -mno-hw-div -mhw-mul -mno-hw-mulx -mgpopt=global  -o RW_pwm.elf obj/default/hello_world.o -lm -msys-lib=m
nios2-elf-insert RW_pwm.elf --thread_model hal --cpu_name nios2_gen2_0 --qsys true --simulation_enabled false --stderr_dev jtag_uart_0 --stdin_dev jtag_uart_0 --stdout_dev jtag_uart_0 --sopc_system_name pwm_system --quartus_project_dir "C:/intelFPGA_lite/PWM_avalonSlave/hw/quartus" --jdi ../..//output_files/PWM_avalonSlave.jdi --sopcinfo C:/intelFPGA_lite/PWM_avalonSlave/hw/quartus/software/RW_pwm_bsp/../../pwm_system.sopcinfo
Info: (RW_pwm.elf) 68 KBytes program size (code + initialized data).
Info:              52 KBytes free for stack + heap.
Info: Creating RW_pwm.objdump
nios2-elf-objdump --disassemble --syms --all-header --source RW_pwm.elf >RW_pwm.objdump
[RW_pwm build complete]
14:15:11 **** Incremental Build of configuration Nios II for project RW_pwm ****
make all 
Info: Building ../RW_pwm_bsp/
C:/intelFPGA_lite/18.1/nios2eds/bin/gnu/H-x86_64-mingw32/bin/make --no-print-directory -C ../RW_pwm_bsp/
[BSP build complete]
Info: Compiling hello_world.c to obj/default/hello_world.o
nios2-elf-gcc -xc -MP -MMD -c -I../RW_pwm_bsp//HAL/inc -I../RW_pwm_bsp/ -I../RW_pwm_bsp//drivers/inc  -pipe -D__hal__ -DALT_NO_INSTRUCTION_EMULATION -DALT_SINGLE_THREADED    -O0 -g -Wall   -mno-hw-div -mhw-mul -mno-hw-mulx -mgpopt=global  -o obj/default/hello_world.o hello_world.c
hello_world.c: In function 'main':
hello_world.c:65:15: warning: unused variable 'i' [-Wunused-variable]
  volatile int i =0;
               ^
Info: Linking RW_pwm.elf
nios2-elf-g++  -T'../RW_pwm_bsp//linker.x' -msys-crt0='../RW_pwm_bsp//obj/HAL/src/crt0.o' -msys-lib=hal_bsp -L../RW_pwm_bsp/   -Wl,-Map=RW_pwm.map   -O0 -g -Wall   -mno-hw-div -mhw-mul -mno-hw-mulx -mgpopt=global  -o RW_pwm.elf obj/default/hello_world.o -lm -msys-lib=m
nios2-elf-insert RW_pwm.elf --thread_model hal --cpu_name nios2_gen2_0 --qsys true --simulation_enabled false --stderr_dev jtag_uart_0 --stdin_dev jtag_uart_0 --stdout_dev jtag_uart_0 --sopc_system_name pwm_system --quartus_project_dir "C:/intelFPGA_lite/PWM_avalonSlave/hw/quartus" --jdi ../..//output_files/PWM_avalonSlave.jdi --sopcinfo C:/intelFPGA_lite/PWM_avalonSlave/hw/quartus/software/RW_pwm_bsp/../../pwm_system.sopcinfo
Info: (RW_pwm.elf) 68 KBytes program size (code + initialized data).
Info:              52 KBytes free for stack + heap.
Info: Creating RW_pwm.objdump
nios2-elf-objdump --disassemble --syms --all-header --source RW_pwm.elf >RW_pwm.objdump
[RW_pwm build complete]
14:16:24 **** Incremental Build of configuration Nios II for project RW_pwm ****
make all 
Info: Building ../RW_pwm_bsp/
C:/intelFPGA_lite/18.1/nios2eds/bin/gnu/H-x86_64-mingw32/bin/make --no-print-directory -C ../RW_pwm_bsp/
[BSP build complete]
Info: Compiling hello_world.c to obj/default/hello_world.o
nios2-elf-gcc -xc -MP -MMD -c -I../RW_pwm_bsp//HAL/inc -I../RW_pwm_bsp/ -I../RW_pwm_bsp//drivers/inc  -pipe -D__hal__ -DALT_NO_INSTRUCTION_EMULATION -DALT_SINGLE_THREADED    -O0 -g -Wall   -mno-hw-div -mhw-mul -mno-hw-mulx -mgpopt=global  -o obj/default/hello_world.o hello_world.c
hello_world.c: In function 'main':
hello_world.c:65:15: warning: unused variable 'i' [-Wunused-variable]
  volatile int i =0;
               ^
Info: Linking RW_pwm.elf
nios2-elf-g++  -T'../RW_pwm_bsp//linker.x' -msys-crt0='../RW_pwm_bsp//obj/HAL/src/crt0.o' -msys-lib=hal_bsp -L../RW_pwm_bsp/   -Wl,-Map=RW_pwm.map   -O0 -g -Wall   -mno-hw-div -mhw-mul -mno-hw-mulx -mgpopt=global  -o RW_pwm.elf obj/default/hello_world.o -lm -msys-lib=m
nios2-elf-insert RW_pwm.elf --thread_model hal --cpu_name nios2_gen2_0 --qsys true --simulation_enabled false --stderr_dev jtag_uart_0 --stdin_dev jtag_uart_0 --stdout_dev jtag_uart_0 --sopc_system_name pwm_system --quartus_project_dir "C:/intelFPGA_lite/PWM_avalonSlave/hw/quartus" --jdi ../..//output_files/PWM_avalonSlave.jdi --sopcinfo C:/intelFPGA_lite/PWM_avalonSlave/hw/quartus/software/RW_pwm_bsp/../../pwm_system.sopcinfo
Info: (RW_pwm.elf) 68 KBytes program size (code + initialized data).
Info:              52 KBytes free for stack + heap.
Info: Creating RW_pwm.objdump
nios2-elf-objdump --disassemble --syms --all-header --source RW_pwm.elf >RW_pwm.objdump
[RW_pwm build complete]
14:16:50 **** Incremental Build of configuration Nios II for project RW_pwm ****
make all 
Info: Building ../RW_pwm_bsp/
C:/intelFPGA_lite/18.1/nios2eds/bin/gnu/H-x86_64-mingw32/bin/make --no-print-directory -C ../RW_pwm_bsp/
[BSP build complete]
Info: Compiling hello_world.c to obj/default/hello_world.o
nios2-elf-gcc -xc -MP -MMD -c -I../RW_pwm_bsp//HAL/inc -I../RW_pwm_bsp/ -I../RW_pwm_bsp//drivers/inc  -pipe -D__hal__ -DALT_NO_INSTRUCTION_EMULATION -DALT_SINGLE_THREADED    -O0 -g -Wall   -mno-hw-div -mhw-mul -mno-hw-mulx -mgpopt=global  -o obj/default/hello_world.o hello_world.c
hello_world.c: In function 'main':
hello_world.c:65:15: warning: unused variable 'i' [-Wunused-variable]
  volatile int i =0;
               ^
Info: Linking RW_pwm.elf
nios2-elf-g++  -T'../RW_pwm_bsp//linker.x' -msys-crt0='../RW_pwm_bsp//obj/HAL/src/crt0.o' -msys-lib=hal_bsp -L../RW_pwm_bsp/   -Wl,-Map=RW_pwm.map   -O0 -g -Wall   -mno-hw-div -mhw-mul -mno-hw-mulx -mgpopt=global  -o RW_pwm.elf obj/default/hello_world.o -lm -msys-lib=m
nios2-elf-insert RW_pwm.elf --thread_model hal --cpu_name nios2_gen2_0 --qsys true --simulation_enabled false --stderr_dev jtag_uart_0 --stdin_dev jtag_uart_0 --stdout_dev jtag_uart_0 --sopc_system_name pwm_system --quartus_project_dir "C:/intelFPGA_lite/PWM_avalonSlave/hw/quartus" --jdi ../..//output_files/PWM_avalonSlave.jdi --sopcinfo C:/intelFPGA_lite/PWM_avalonSlave/hw/quartus/software/RW_pwm_bsp/../../pwm_system.sopcinfo
Info: (RW_pwm.elf) 68 KBytes program size (code + initialized data).
Info:              52 KBytes free for stack + heap.
Info: Creating RW_pwm.objdump
nios2-elf-objdump --disassemble --syms --all-header --source RW_pwm.elf >RW_pwm.objdump
[RW_pwm build complete]
14:17:08 **** Incremental Build of configuration Nios II for project RW_pwm ****
make all 
Info: Building ../RW_pwm_bsp/
C:/intelFPGA_lite/18.1/nios2eds/bin/gnu/H-x86_64-mingw32/bin/make --no-print-directory -C ../RW_pwm_bsp/
[BSP build complete]
Info: Compiling hello_world.c to obj/default/hello_world.o
nios2-elf-gcc -xc -MP -MMD -c -I../RW_pwm_bsp//HAL/inc -I../RW_pwm_bsp/ -I../RW_pwm_bsp//drivers/inc  -pipe -D__hal__ -DALT_NO_INSTRUCTION_EMULATION -DALT_SINGLE_THREADED    -O0 -g -Wall   -mno-hw-div -mhw-mul -mno-hw-mulx -mgpopt=global  -o obj/default/hello_world.o hello_world.c
hello_world.c: In function 'main':
hello_world.c:65:15: warning: unused variable 'i' [-Wunused-variable]
  volatile int i =0;
               ^
Info: Linking RW_pwm.elf
nios2-elf-g++  -T'../RW_pwm_bsp//linker.x' -msys-crt0='../RW_pwm_bsp//obj/HAL/src/crt0.o' -msys-lib=hal_bsp -L../RW_pwm_bsp/   -Wl,-Map=RW_pwm.map   -O0 -g -Wall   -mno-hw-div -mhw-mul -mno-hw-mulx -mgpopt=global  -o RW_pwm.elf obj/default/hello_world.o -lm -msys-lib=m
nios2-elf-insert RW_pwm.elf --thread_model hal --cpu_name nios2_gen2_0 --qsys true --simulation_enabled false --stderr_dev jtag_uart_0 --stdin_dev jtag_uart_0 --stdout_dev jtag_uart_0 --sopc_system_name pwm_system --quartus_project_dir "C:/intelFPGA_lite/PWM_avalonSlave/hw/quartus" --jdi ../..//output_files/PWM_avalonSlave.jdi --sopcinfo C:/intelFPGA_lite/PWM_avalonSlave/hw/quartus/software/RW_pwm_bsp/../../pwm_system.sopcinfo
Info: (RW_pwm.elf) 15 KBytes program size (code + initialized data).
Info:              106 KBytes free for stack + heap.
Info: Creating RW_pwm.objdump
nios2-elf-objdump --disassemble --syms --all-header --source RW_pwm.elf >RW_pwm.objdump
[RW_pwm build complete]
14:18:36 **** Incremental Build of configuration Nios II for project RW_pwm ****
make all 
Info: Building ../RW_pwm_bsp/
C:/intelFPGA_lite/18.1/nios2eds/bin/gnu/H-x86_64-mingw32/bin/make --no-print-directory -C ../RW_pwm_bsp/
[BSP build complete]
Info: Compiling hello_world.c to obj/default/hello_world.o
nios2-elf-gcc -xc -MP -MMD -c -I../RW_pwm_bsp//HAL/inc -I../RW_pwm_bsp/ -I../RW_pwm_bsp//drivers/inc  -pipe -D__hal__ -DALT_NO_INSTRUCTION_EMULATION -DALT_SINGLE_THREADED    -O0 -g -Wall   -mno-hw-div -mhw-mul -mno-hw-mulx -mgpopt=global  -o obj/default/hello_world.o hello_world.c
hello_world.c: In function 'main':
hello_world.c:65:15: warning: unused variable 'i' [-Wunused-variable]
  volatile int i =0;
               ^
Info: Linking RW_pwm.elf
nios2-elf-g++  -T'../RW_pwm_bsp//linker.x' -msys-crt0='../RW_pwm_bsp//obj/HAL/src/crt0.o' -msys-lib=hal_bsp -L../RW_pwm_bsp/   -Wl,-Map=RW_pwm.map   -O0 -g -Wall   -mno-hw-div -mhw-mul -mno-hw-mulx -mgpopt=global  -o RW_pwm.elf obj/default/hello_world.o -lm -msys-lib=m
nios2-elf-insert RW_pwm.elf --thread_model hal --cpu_name nios2_gen2_0 --qsys true --simulation_enabled false --stderr_dev jtag_uart_0 --stdin_dev jtag_uart_0 --stdout_dev jtag_uart_0 --sopc_system_name pwm_system --quartus_project_dir "C:/intelFPGA_lite/PWM_avalonSlave/hw/quartus" --jdi ../..//output_files/PWM_avalonSlave.jdi --sopcinfo C:/intelFPGA_lite/PWM_avalonSlave/hw/quartus/software/RW_pwm_bsp/../../pwm_system.sopcinfo
Info: (RW_pwm.elf) 68 KBytes program size (code + initialized data).
Info:              52 KBytes free for stack + heap.
Info: Creating RW_pwm.objdump
nios2-elf-objdump --disassemble --syms --all-header --source RW_pwm.elf >RW_pwm.objdump
[RW_pwm build complete]
15:00:43 **** Build of configuration Nios II for project RW_pwm ****
make all 
Info: Building ../RW_pwm_bsp/
C:/intelFPGA_lite/18.1/nios2eds/bin/gnu/H-x86_64-mingw32/bin/make --no-print-directory -C ../RW_pwm_bsp/
[BSP build complete]
[RW_pwm build complete]
15:00:44 **** Incremental Build of configuration Nios II for project RW_pwm ****
make all 
Info: Building ../RW_pwm_bsp/
C:/intelFPGA_lite/18.1/nios2eds/bin/gnu/H-x86_64-mingw32/bin/make --no-print-directory -C ../RW_pwm_bsp/
[BSP build complete]
[RW_pwm build complete]
15:01:38 **** Incremental Build of configuration Nios II for project RW_pwm ****
make all 
Info: Building ../RW_pwm_bsp/
C:/intelFPGA_lite/18.1/nios2eds/bin/gnu/H-x86_64-mingw32/bin/make --no-print-directory -C ../RW_pwm_bsp/
[BSP build complete]
Info: Compiling hello_world.c to obj/default/hello_world.o
nios2-elf-gcc -xc -MP -MMD -c -I../RW_pwm_bsp//HAL/inc -I../RW_pwm_bsp/ -I../RW_pwm_bsp//drivers/inc  -pipe -D__hal__ -DALT_NO_INSTRUCTION_EMULATION -DALT_SINGLE_THREADED    -O0 -g -Wall   -mno-hw-div -mhw-mul -mno-hw-mulx -mgpopt=global  -o obj/default/hello_world.o hello_world.c
hello_world.c: In function 'main':
hello_world.c:65:15: warning: unused variable 'i' [-Wunused-variable]
  volatile int i =0;
               ^
Info: Linking RW_pwm.elf
nios2-elf-g++  -T'../RW_pwm_bsp//linker.x' -msys-crt0='../RW_pwm_bsp//obj/HAL/src/crt0.o' -msys-lib=hal_bsp -L../RW_pwm_bsp/   -Wl,-Map=RW_pwm.map   -O0 -g -Wall   -mno-hw-div -mhw-mul -mno-hw-mulx -mgpopt=global  -o RW_pwm.elf obj/default/hello_world.o -lm -msys-lib=m
nios2-elf-insert RW_pwm.elf --thread_model hal --cpu_name nios2_gen2_0 --qsys true --simulation_enabled false --stderr_dev jtag_uart_0 --stdin_dev jtag_uart_0 --stdout_dev jtag_uart_0 --sopc_system_name pwm_system --quartus_project_dir "C:/intelFPGA_lite/PWM_avalonSlave/hw/quartus" --jdi ../..//output_files/PWM_avalonSlave.jdi --sopcinfo C:/intelFPGA_lite/PWM_avalonSlave/hw/quartus/software/RW_pwm_bsp/../../pwm_system.sopcinfo
Info: (RW_pwm.elf) 68 KBytes program size (code + initialized data).
Info:              52 KBytes free for stack + heap.
Info: Creating RW_pwm.objdump
nios2-elf-objdump --disassemble --syms --all-header --source RW_pwm.elf >RW_pwm.objdump
[RW_pwm build complete]
15:19:43 **** Incremental Build of configuration Nios II for project RW_pwm ****
make all 
Info: Building ../RW_pwm_bsp/
C:/intelFPGA_lite/18.1/nios2eds/bin/gnu/H-x86_64-mingw32/bin/make --no-print-directory -C ../RW_pwm_bsp/
[BSP build complete]
Info: Compiling hello_world.c to obj/default/hello_world.o
nios2-elf-gcc -xc -MP -MMD -c -I../RW_pwm_bsp//HAL/inc -I../RW_pwm_bsp/ -I../RW_pwm_bsp//drivers/inc  -pipe -D__hal__ -DALT_NO_INSTRUCTION_EMULATION -DALT_SINGLE_THREADED    -O0 -g -Wall   -mno-hw-div -mhw-mul -mno-hw-mulx -mgpopt=global  -o obj/default/hello_world.o hello_world.c
hello_world.c: In function 'main':
hello_world.c:65:15: warning: unused variable 'i' [-Wunused-variable]
  volatile int i =0;
               ^
Info: Linking RW_pwm.elf
nios2-elf-g++  -T'../RW_pwm_bsp//linker.x' -msys-crt0='../RW_pwm_bsp//obj/HAL/src/crt0.o' -msys-lib=hal_bsp -L../RW_pwm_bsp/   -Wl,-Map=RW_pwm.map   -O0 -g -Wall   -mno-hw-div -mhw-mul -mno-hw-mulx -mgpopt=global  -o RW_pwm.elf obj/default/hello_world.o -lm -msys-lib=m
nios2-elf-insert RW_pwm.elf --thread_model hal --cpu_name nios2_gen2_0 --qsys true --simulation_enabled false --stderr_dev jtag_uart_0 --stdin_dev jtag_uart_0 --stdout_dev jtag_uart_0 --sopc_system_name pwm_system --quartus_project_dir "C:/intelFPGA_lite/PWM_avalonSlave/hw/quartus" --jdi ../..//output_files/PWM_avalonSlave.jdi --sopcinfo C:/intelFPGA_lite/PWM_avalonSlave/hw/quartus/software/RW_pwm_bsp/../../pwm_system.sopcinfo
Info: (RW_pwm.elf) 68 KBytes program size (code + initialized data).
Info:              52 KBytes free for stack + heap.
Info: Creating RW_pwm.objdump
nios2-elf-objdump --disassemble --syms --all-header --source RW_pwm.elf >RW_pwm.objdump
[RW_pwm build complete]
15:20:58 **** Incremental Build of configuration Nios II for project RW_pwm ****
make all 
Info: Building ../RW_pwm_bsp/
C:/intelFPGA_lite/18.1/nios2eds/bin/gnu/H-x86_64-mingw32/bin/make --no-print-directory -C ../RW_pwm_bsp/
[BSP build complete]
Info: Compiling hello_world.c to obj/default/hello_world.o
nios2-elf-gcc -xc -MP -MMD -c -I../RW_pwm_bsp//HAL/inc -I../RW_pwm_bsp/ -I../RW_pwm_bsp//drivers/inc  -pipe -D__hal__ -DALT_NO_INSTRUCTION_EMULATION -DALT_SINGLE_THREADED    -O0 -g -Wall   -mno-hw-div -mhw-mul -mno-hw-mulx -mgpopt=global  -o obj/default/hello_world.o hello_world.c
hello_world.c: In function 'main':
hello_world.c:65:15: warning: unused variable 'i' [-Wunused-variable]
  volatile int i =0;
               ^
Info: Linking RW_pwm.elf
nios2-elf-g++  -T'../RW_pwm_bsp//linker.x' -msys-crt0='../RW_pwm_bsp//obj/HAL/src/crt0.o' -msys-lib=hal_bsp -L../RW_pwm_bsp/   -Wl,-Map=RW_pwm.map   -O0 -g -Wall   -mno-hw-div -mhw-mul -mno-hw-mulx -mgpopt=global  -o RW_pwm.elf obj/default/hello_world.o -lm -msys-lib=m
nios2-elf-insert RW_pwm.elf --thread_model hal --cpu_name nios2_gen2_0 --qsys true --simulation_enabled false --stderr_dev jtag_uart_0 --stdin_dev jtag_uart_0 --stdout_dev jtag_uart_0 --sopc_system_name pwm_system --quartus_project_dir "C:/intelFPGA_lite/PWM_avalonSlave/hw/quartus" --jdi ../..//output_files/PWM_avalonSlave.jdi --sopcinfo C:/intelFPGA_lite/PWM_avalonSlave/hw/quartus/software/RW_pwm_bsp/../../pwm_system.sopcinfo
Info: (RW_pwm.elf) 68 KBytes program size (code + initialized data).
Info:              52 KBytes free for stack + heap.
Info: Creating RW_pwm.objdump
nios2-elf-objdump --disassemble --syms --all-header --source RW_pwm.elf >RW_pwm.objdump
[RW_pwm build complete]
15:21:45 **** Incremental Build of configuration Nios II for project RW_pwm ****
make all 
Info: Building ../RW_pwm_bsp/
C:/intelFPGA_lite/18.1/nios2eds/bin/gnu/H-x86_64-mingw32/bin/make --no-print-directory -C ../RW_pwm_bsp/
[BSP build complete]
Info: Compiling hello_world.c to obj/default/hello_world.o
nios2-elf-gcc -xc -MP -MMD -c -I../RW_pwm_bsp//HAL/inc -I../RW_pwm_bsp/ -I../RW_pwm_bsp//drivers/inc  -pipe -D__hal__ -DALT_NO_INSTRUCTION_EMULATION -DALT_SINGLE_THREADED    -O0 -g -Wall   -mno-hw-div -mhw-mul -mno-hw-mulx -mgpopt=global  -o obj/default/hello_world.o hello_world.c
hello_world.c: In function 'main':
hello_world.c:65:15: warning: unused variable 'i' [-Wunused-variable]
  volatile int i =0;
               ^
Info: Linking RW_pwm.elf
nios2-elf-g++  -T'../RW_pwm_bsp//linker.x' -msys-crt0='../RW_pwm_bsp//obj/HAL/src/crt0.o' -msys-lib=hal_bsp -L../RW_pwm_bsp/   -Wl,-Map=RW_pwm.map   -O0 -g -Wall   -mno-hw-div -mhw-mul -mno-hw-mulx -mgpopt=global  -o RW_pwm.elf obj/default/hello_world.o -lm -msys-lib=m
nios2-elf-insert RW_pwm.elf --thread_model hal --cpu_name nios2_gen2_0 --qsys true --simulation_enabled false --stderr_dev jtag_uart_0 --stdin_dev jtag_uart_0 --stdout_dev jtag_uart_0 --sopc_system_name pwm_system --quartus_project_dir "C:/intelFPGA_lite/PWM_avalonSlave/hw/quartus" --jdi ../..//output_files/PWM_avalonSlave.jdi --sopcinfo C:/intelFPGA_lite/PWM_avalonSlave/hw/quartus/software/RW_pwm_bsp/../../pwm_system.sopcinfo
Info: (RW_pwm.elf) 68 KBytes program size (code + initialized data).
Info:              52 KBytes free for stack + heap.
Info: Creating RW_pwm.objdump
nios2-elf-objdump --disassemble --syms --all-header --source RW_pwm.elf >RW_pwm.objdump
[RW_pwm build complete]
